[Color.RED, Color.BLUE, Color.YELLOW, Color.GREEN]
0
['red', 'blue', 'yellow', 'green']
['green', 'blue', 'yellow', 'red']
k 1 1
l 1 2
f 1 3
s 1 4
on board k l f s 
order    s l f k
4 1
2 3
1 4
2 4
2 3
2 2
3 2
2 2
1 4
2 4
2 3
2 2
3 2
2 2
1 4
2 4
2 3
2 2
3 2
2 2
2 3
2 4
1 4
2 4
2 3
2 2
3 2
2 2
2 3
2 4
1 4
2 4
2 3
2 2
3 2
2 2
2 3
1 4
2 4
2 3
2 2
3 2
2 2
2 3
3 3
4 3
1 4
2 4
2 3
2 2
3 2
2 2
2 3
3 3
4 3
1 4
2 4
2 3
2 2
3 2
2 2
1 2
1 4
2 4
2 3
2 2
3 2
2 2
1 2
1 4
2 4
2 3
2 2
3 2
2 2
2 3
2 4
1 4
1 4
2 4
2 3
2 2
3 2
2 2
2 3
2 4
1 4
1 4
2 4
2 3
2 2
3 2
2 2
1 4
2 4
2 3
2 2
3 2
2 2
2 3
2 4
1 4
2 4
2 3
2 2
3 2
2 2
1 2
1 4
2 4
2 3
2 2
3 2
2 2
2 3
2 4
1 4
pos 1 4
robot cpos 0 2.5 2
dir in getAngle 3
angle -90
Program ended by stop button
