[Color.BLUE, Color.GREEN, Color.YELLOW, Color.RED]
Color.YELLOW
Color.BLUE
Color.GREEN
['blue', 'green', 'yellow', 'red']
['green', 'blue', 'yellow', 'red']
s 1 1
f 1 2
l 1 3
k 1 4
on board s f l k 
order    f s l k
1 4
2 2
3 3
pos <Position object at b5e744b0>
robot cpos 0 1
in cells
cpos 1 2
path
1 2
2 2
3 2
4 2

maze
-1 -1 -1 -1 -1 -1
-1 -2 -2 -2 -2 -1
-1 0 0 0 0 -1
-1 0 0 0 0 -1
-1 0 0 0 0 -1
-1 -1 -1 -1 -1 -1
cdir 4
Traceback (most recent call last):
  File "/home/robot/chess/main.py", line 147, in <module>
  File "/home/robot/chess/Robot.py", line 87, in moveTo
  File "/home/robot/chess/Robot.py", line 55, in moveToNearPosition
  File "/home/robot/chess/Robot.py", line 282, in _cellMove
  File "/home/robot/chess/Robot.py", line 274, in fastStop
OSError: [Errno 1] EPERM: 

The requested operation is not valid in the current state:
--> Check the documentation for required conditions.
--> Check the line in your script that matches
    the line number given in the 'Traceback' above.


